Performing C SOURCE FILE Test BROTLI_EMSCRIPTEN failed with the following output:
Change Dir: /home/victor/Documentos/EYEVISION/PotreeConverter-develop/build/CMakeFiles/CMakeTmp

Run Build Command(s):/usr/bin/make cmTC_7f527/fast && /usr/bin/make -f CMakeFiles/cmTC_7f527.dir/build.make CMakeFiles/cmTC_7f527.dir/build
make[1]: Entrando no diretório '/home/victor/Documentos/EYEVISION/PotreeConverter-develop/build/CMakeFiles/CMakeTmp'
Building C object CMakeFiles/cmTC_7f527.dir/src.c.o
/usr/bin/cc   -DBROTLI_EMSCRIPTEN   -o CMakeFiles/cmTC_7f527.dir/src.c.o   -c /home/victor/Documentos/EYEVISION/PotreeConverter-develop/build/CMakeFiles/CMakeTmp/src.c
Linking C executable cmTC_7f527
/usr/bin/cmake -E cmake_link_script CMakeFiles/cmTC_7f527.dir/link.txt --verbose=1
/usr/bin/cc  -DBROTLI_EMSCRIPTEN    -rdynamic CMakeFiles/cmTC_7f527.dir/src.c.o  -o cmTC_7f527 
/usr/bin/ld: /usr/lib/gcc/x86_64-linux-gnu/9/../../../x86_64-linux-gnu/Scrt1.o: na função "_start":
(.text+0x24): referência não definida para "main"
collect2: error: ld returned 1 exit status
make[1]: *** [CMakeFiles/cmTC_7f527.dir/build.make:87: cmTC_7f527] Erro 1
make[1]: Saindo do diretório '/home/victor/Documentos/EYEVISION/PotreeConverter-develop/build/CMakeFiles/CMakeTmp'
make: *** [Makefile:121: cmTC_7f527/fast] Erro 2


Source file was:
#if defined(__EMSCRIPTEN__)
   int main() {return 0;}
   #endif
Determining if the function log2 exists failed with the following output:
Change Dir: /home/victor/Documentos/EYEVISION/PotreeConverter-develop/build/CMakeFiles/CMakeTmp

Run Build Command(s):/usr/bin/make cmTC_d4fc6/fast && /usr/bin/make -f CMakeFiles/cmTC_d4fc6.dir/build.make CMakeFiles/cmTC_d4fc6.dir/build
make[1]: Entrando no diretório '/home/victor/Documentos/EYEVISION/PotreeConverter-develop/build/CMakeFiles/CMakeTmp'
Building C object CMakeFiles/cmTC_d4fc6.dir/CheckFunctionExists.c.o
/usr/bin/cc   -DCHECK_FUNCTION_EXISTS=log2   -o CMakeFiles/cmTC_d4fc6.dir/CheckFunctionExists.c.o   -c /usr/share/cmake-3.16/Modules/CheckFunctionExists.c
<command-line>: warning: conflicting types for built-in function ‘log2’; expected ‘double(double)’ [-Wbuiltin-declaration-mismatch]
/usr/share/cmake-3.16/Modules/CheckFunctionExists.c:7:3: note: in expansion of macro ‘CHECK_FUNCTION_EXISTS’
    7 |   CHECK_FUNCTION_EXISTS(void);
      |   ^~~~~~~~~~~~~~~~~~~~~
/usr/share/cmake-3.16/Modules/CheckFunctionExists.c:1:1: note: ‘log2’ is declared in header ‘<math.h>’
  +++ |+#include <math.h>
    1 | #ifdef CHECK_FUNCTION_EXISTS
Linking C executable cmTC_d4fc6
/usr/bin/cmake -E cmake_link_script CMakeFiles/cmTC_d4fc6.dir/link.txt --verbose=1
/usr/bin/cc  -DCHECK_FUNCTION_EXISTS=log2    -rdynamic CMakeFiles/cmTC_d4fc6.dir/CheckFunctionExists.c.o  -o cmTC_d4fc6 
/usr/bin/ld: CMakeFiles/cmTC_d4fc6.dir/CheckFunctionExists.c.o: na função "main":
CheckFunctionExists.c:(.text+0x14): referência não definida para "log2"
collect2: error: ld returned 1 exit status
make[1]: *** [CMakeFiles/cmTC_d4fc6.dir/build.make:87: cmTC_d4fc6] Erro 1
make[1]: Saindo do diretório '/home/victor/Documentos/EYEVISION/PotreeConverter-develop/build/CMakeFiles/CMakeTmp'
make: *** [Makefile:121: cmTC_d4fc6/fast] Erro 2



Performing C++ SOURCE FILE Test CMAKE_HAVE_LIBC_PTHREAD failed with the following output:
Change Dir: /home/victor/Documentos/EYEVISION/PotreeConverter-develop/build/CMakeFiles/CMakeTmp

Run Build Command(s):/usr/bin/make cmTC_507b9/fast && /usr/bin/make -f CMakeFiles/cmTC_507b9.dir/build.make CMakeFiles/cmTC_507b9.dir/build
make[1]: Entrando no diretório '/home/victor/Documentos/EYEVISION/PotreeConverter-develop/build/CMakeFiles/CMakeTmp'
Building CXX object CMakeFiles/cmTC_507b9.dir/src.cxx.o
/usr/bin/c++    -DCMAKE_HAVE_LIBC_PTHREAD   -std=gnu++2a -o CMakeFiles/cmTC_507b9.dir/src.cxx.o -c /home/victor/Documentos/EYEVISION/PotreeConverter-develop/build/CMakeFiles/CMakeTmp/src.cxx
Linking CXX executable cmTC_507b9
/usr/bin/cmake -E cmake_link_script CMakeFiles/cmTC_507b9.dir/link.txt --verbose=1
/usr/bin/c++   -DCMAKE_HAVE_LIBC_PTHREAD    CMakeFiles/cmTC_507b9.dir/src.cxx.o  -o cmTC_507b9 
/usr/bin/ld: CMakeFiles/cmTC_507b9.dir/src.cxx.o: na função "main":
src.cxx:(.text+0x46): referência não definida para "pthread_create"
/usr/bin/ld: src.cxx:(.text+0x52): referência não definida para "pthread_detach"
/usr/bin/ld: src.cxx:(.text+0x63): referência não definida para "pthread_join"
collect2: error: ld returned 1 exit status
make[1]: *** [CMakeFiles/cmTC_507b9.dir/build.make:87: cmTC_507b9] Erro 1
make[1]: Saindo do diretório '/home/victor/Documentos/EYEVISION/PotreeConverter-develop/build/CMakeFiles/CMakeTmp'
make: *** [Makefile:121: cmTC_507b9/fast] Erro 2


Source file was:
#include <pthread.h>

void* test_func(void* data)
{
  return data;
}

int main(void)
{
  pthread_t thread;
  pthread_create(&thread, NULL, test_func, NULL);
  pthread_detach(thread);
  pthread_join(thread, NULL);
  pthread_atfork(NULL, NULL, NULL);
  pthread_exit(NULL);

  return 0;
}

Determining if the function pthread_create exists in the pthreads failed with the following output:
Change Dir: /home/victor/Documentos/EYEVISION/PotreeConverter-develop/build/CMakeFiles/CMakeTmp

Run Build Command(s):/usr/bin/make cmTC_0673c/fast && /usr/bin/make -f CMakeFiles/cmTC_0673c.dir/build.make CMakeFiles/cmTC_0673c.dir/build
make[1]: Entrando no diretório '/home/victor/Documentos/EYEVISION/PotreeConverter-develop/build/CMakeFiles/CMakeTmp'
Building CXX object CMakeFiles/cmTC_0673c.dir/CheckFunctionExists.cxx.o
/usr/bin/c++    -DCHECK_FUNCTION_EXISTS=pthread_create   -std=gnu++2a -o CMakeFiles/cmTC_0673c.dir/CheckFunctionExists.cxx.o -c /home/victor/Documentos/EYEVISION/PotreeConverter-develop/build/CMakeFiles/CheckLibraryExists/CheckFunctionExists.cxx
Linking CXX executable cmTC_0673c
/usr/bin/cmake -E cmake_link_script CMakeFiles/cmTC_0673c.dir/link.txt --verbose=1
/usr/bin/c++   -DCHECK_FUNCTION_EXISTS=pthread_create    CMakeFiles/cmTC_0673c.dir/CheckFunctionExists.cxx.o  -o cmTC_0673c  -lpthreads 
/usr/bin/ld: não foi possível localizar -lpthreads
collect2: error: ld returned 1 exit status
make[1]: *** [CMakeFiles/cmTC_0673c.dir/build.make:87: cmTC_0673c] Erro 1
make[1]: Saindo do diretório '/home/victor/Documentos/EYEVISION/PotreeConverter-develop/build/CMakeFiles/CMakeTmp'
make: *** [Makefile:121: cmTC_0673c/fast] Erro 2



